#
# A fatal error has been detected by the Java Runtime Environment:
#
#  EXCEPTION_ACCESS_VIOLATION (0xc0000005) at pc=0x00007fff32e694db, pid=2008, tid=15708
#
# JRE version: Java(TM) SE Runtime Environment (11.0.2+9) (build 11.0.2+9-LTS)
# Java VM: Java HotSpot(TM) 64-Bit Server VM (11.0.2+9-LTS, mixed mode, tiered, compressed oops, g1 gc, windows-amd64)
# Problematic frame:
# V  [jvm.dll+0x6b94db]
#
# No core dump will be written. Minidumps are not enabled by default on client versions of Windows
#
# If you would like to submit a bug report, please visit:
#   http://bugreport.java.com/bugreport/crash.jsp
#

---------------  S U M M A R Y ------------

Command Line: -agentlib:jdwp=transport=dt_socket,address=127.0.0.1:50308,suspend=y,server=n -ea -Didea.test.cyclic.buffer.size=1048576 -javaagent:C:\Users\Valeri\.IdeaIC2019.2\system\captureAgent\debugger-agent.jar -Dfile.encoding=UTF-8 com.intellij.rt.execution.junit.JUnitStarter -ideVersion5 -junit5 money.MoneyTest,setCurrency

Host: Intel(R) Core(TM) i5-6300HQ CPU @ 2.30GHz, 4 cores, 7G,  Windows 10 , 64 bit Build 18362 (10.0.18362.329)
Time: Mon Dec 16 19:55:13 2019 FLE Standard Time elapsed time: 215 seconds (0d 0h 3m 35s)

---------------  T H R E A D  ---------------

Current thread (0x00000289e7307000):  VMThread "VM Thread" [stack: 0x000000b727400000,0x000000b727500000] [id=15708]

Stack: [0x000000b727400000,0x000000b727500000],  sp=0x000000b7274fedb0,  free space=1019k
Native frames: (J=compiled Java code, j=interpreted, Vv=VM code, C=native code)
V  [jvm.dll+0x6b94db]
V  [jvm.dll+0x342893]
V  [jvm.dll+0x34483f]
V  [jvm.dll+0x34509e]
V  [jvm.dll+0x34253c]
V  [jvm.dll+0x3417e2]
V  [jvm.dll+0x624a05]
V  [jvm.dll+0x62478d]
V  [jvm.dll+0x5ea49a]
V  [jvm.dll+0x5022c7]
V  [jvm.dll+0x77b2cc]
V  [jvm.dll+0x779787]
V  [jvm.dll+0x779fb0]
V  [jvm.dll+0x77a2bf]
V  [jvm.dll+0x6347f2]
C  [ucrtbase.dll+0x20e72]
C  [KERNEL32.DLL+0x17bd4]
C  [ntdll.dll+0x6ced1]


siginfo: EXCEPTION_ACCESS_VIOLATION (0xc0000005), reading address 0x000000000025002a


Register to memory mapping:

RIP=0x00007fff32e694db jvm.dll
RAX=0x000000b7274fee40 points into unknown readable memory: 13 00 00 46 00 00 00 00
RBX=0x000000b7274fee10 points into unknown readable memory: c8 3f 03 33 ff 7f 00 00
RCX=0x0 is NULL
RDX=0x0000000000250024 is an unknown value
RSP=0x000000b7274fedb0 points into unknown readable memory: 10 ee 4f 27 b7 00 00 00
RBP=0x000000b7274ff320 points into unknown readable memory: b8 f8 2b e7 89 02 00 00
RSI=0x0 is NULL
RDI=0x0000000000250024 is an unknown value
R8 =0x0 is NULL
R9 =0x00000289e7a2e520 is pointing into metadata
R10=0x00007fff327b0000 jvm.dll
R11=0x000000b7274ff270 points into unknown readable memory: f0 f2 4f 27 b7 00 00 00
R12=0x00000289e72bf590 points into unknown readable memory: 00 ff 06 33 00 00 00 00
R13=0x0 is NULL
R14=0x00000289e7a2ebaa is pointing into metadata
R15=0x000000000000001e is an unknown value


Registers:
RAX=0x000000b7274fee40, RBX=0x000000b7274fee10, RCX=0x0000000000000000, RDX=0x0000000000250024
RSP=0x000000b7274fedb0, RBP=0x000000b7274ff320, RSI=0x0000000000000000, RDI=0x0000000000250024
R8 =0x0000000000000000, R9 =0x00000289e7a2e520, R10=0x00007fff327b0000, R11=0x000000b7274ff270
R12=0x00000289e72bf590, R13=0x0000000000000000, R14=0x00000289e7a2ebaa, R15=0x000000000000001e
RIP=0x00007fff32e694db, EFLAGS=0x0000000000010246

Top of Stack: (sp=0x000000b7274fedb0)
0x000000b7274fedb0:   000000b7274fee10 000000b7274fef20
0x000000b7274fedc0:   00000289c90b6498 00007fff32e699e8
0x000000b7274fedd0:   0000000000000001 00007fff32af2893
0x000000b7274fede0:   0000000000000000 000000b7274ff490
0x000000b7274fedf0:   000000b7274ff3c0 00007fff32e69657
0x000000b7274fee00:   000000b7274fee60 ffffffffffffffff
0x000000b7274fee10:   00007fff33033fc8 0000000000250024
0x000000b7274fee20:   0000000000000000 00007fff0000000c
0x000000b7274fee30:   000000b7274fee40 000000b700000000
0x000000b7274fee40:   0000000046000013 00000289e7d7d954
0x000000b7274fee50:   4fffffff4fffffff 00007fff867e648b
0x000000b7274fee60:   00007fff33033fc8 00000289e71e8948
0x000000b7274fee70:   0000000000000002 00007fff00000004
0x000000b7274fee80:   000000b7274ff448 00007fff867e4471
0x000000b7274fee90:   000000b7274fefe0 000000b7274ff080
0x000000b7274feea0:   00000289c90b7e28 0000000000000100 

Instructions: (pc=0x00007fff32e694db)
0x00007fff32e694bb:   cc cc cc cc cc 40 53 48 83 ec 20 c7 41 10 00 00
0x00007fff32e694cb:   00 00 48 8b d9 48 89 7c 24 38 48 8b 79 08 33 c9
0x00007fff32e694db:   80 7f 06 28 74 26 44 8d 49 28 8d 51 35 48 8d 0d
0x00007fff32e694eb:   f1 8f 21 00 4c 8d 05 da 8f 21 00 e8 35 4c ba ff 


Stack slot to memory mapping:
stack at sp + 0 slots: 0x000000b7274fee10 points into unknown readable memory: c8 3f 03 33 ff 7f 00 00
stack at sp + 1 slots: 0x000000b7274fef20 points into unknown readable memory: 28 7e 0b c9 89 02 00 00
stack at sp + 2 slots: 0x00000289c90b6498 points into unknown readable memory: 45 78 65 63 75 74 69 6e
stack at sp + 3 slots: 0x00007fff32e699e8 jvm.dll
stack at sp + 4 slots: 0x0000000000000001 is an unknown value
stack at sp + 5 slots: 0x00007fff32af2893 jvm.dll
stack at sp + 6 slots: 0x0 is NULL
stack at sp + 7 slots: 0x000000b7274ff490 points into unknown readable memory: 48 1b 07 33 ff 7f 00 00

VM_Operation (0x000000b727dff680): GetOrSetLocal, mode: safepoint, requested by thread 0x00000289e7eb7800


---------------  P R O C E S S  ---------------

Threads class SMR info:
_java_thread_list=0x00000289e7fcd9b0, length=13, elements={
0x00000289c90be000, 0x00000289e732d800, 0x00000289e732e800, 0x00000289e7ca2800,
0x00000289e7ca3800, 0x00000289e7345800, 0x00000289e735e000, 0x00000289e7d03000,
0x00000289e7d5e800, 0x00000289e7eb7800, 0x00000289e7e99800, 0x00000289e7e9a800,
0x00000289e7e9c800
}

Java Threads: ( => current thread )
  0x00000289c90be000 JavaThread "main" [_thread_blocked, id=15604, stack(0x000000b726e00000,0x000000b726f00000)]
  0x00000289e732d800 JavaThread "Reference Handler" daemon [_thread_blocked, id=14596, stack(0x000000b727500000,0x000000b727600000)]
  0x00000289e732e800 JavaThread "Finalizer" daemon [_thread_blocked, id=3268, stack(0x000000b727600000,0x000000b727700000)]
  0x00000289e7ca2800 JavaThread "Signal Dispatcher" daemon [_thread_blocked, id=11168, stack(0x000000b727700000,0x000000b727800000)]
  0x00000289e7ca3800 JavaThread "Attach Listener" daemon [_thread_blocked, id=7004, stack(0x000000b727800000,0x000000b727900000)]
  0x00000289e7345800 JavaThread "C2 CompilerThread0" daemon [_thread_blocked, id=12720, stack(0x000000b727900000,0x000000b727a00000)]
  0x00000289e735e000 JavaThread "C1 CompilerThread0" daemon [_thread_blocked, id=8736, stack(0x000000b727a00000,0x000000b727b00000)]
  0x00000289e7d03000 JavaThread "Sweeper thread" daemon [_thread_blocked, id=13828, stack(0x000000b727b00000,0x000000b727c00000)]
  0x00000289e7d5e800 JavaThread "Common-Cleaner" daemon [_thread_blocked, id=6920, stack(0x000000b727c00000,0x000000b727d00000)]
  0x00000289e7eb7800 JavaThread "JDWP Transport Listener: dt_socket" daemon [_thread_blocked, id=8488, stack(0x000000b727d00000,0x000000b727e00000)] _threads_hazard_ptr=0x00000289e7fcd9b0
  0x00000289e7e99800 JavaThread "JDWP Event Helper Thread" daemon [_thread_blocked, id=2444, stack(0x000000b727e00000,0x000000b727f00000)]
  0x00000289e7e9a800 JavaThread "JDWP Command Reader" daemon [_thread_in_native, id=2988, stack(0x000000b727f00000,0x000000b728000000)]
  0x00000289e7e9c800 JavaThread "Service Thread" daemon [_thread_blocked, id=15480, stack(0x000000b728000000,0x000000b728100000)]

Other Threads:
=>0x00000289e7307000 VMThread "VM Thread" [stack: 0x000000b727400000,0x000000b727500000] [id=15708]
  0x00000289e7ecd000 WatcherThread [stack: 0x000000b728100000,0x000000b728200000] [id=11284]
  0x00000289c90d5800 GCTaskThread "GC Thread#0" [stack: 0x000000b726f00000,0x000000b727000000] [id=14724]
  0x00000289e835e000 GCTaskThread "GC Thread#1" [stack: 0x000000b728200000,0x000000b728300000] [id=14636]
  0x00000289e8298000 GCTaskThread "GC Thread#2" [stack: 0x000000b728300000,0x000000b728400000] [id=14656]
  0x00000289c9105800 ConcurrentGCThread "G1 main.Main Marker" [stack: 0x000000b727000000,0x000000b727100000] [id=11444]
  0x00000289c9107800 ConcurrentGCThread "G1 Conc#0" [stack: 0x000000b727100000,0x000000b727200000] [id=15692]
  0x00000289c9186800 ConcurrentGCThread "G1 Refine#0" [stack: 0x000000b727200000,0x000000b727300000] [id=2124]
  0x00000289e7170800 ConcurrentGCThread "G1 Young RemSet Sampling" [stack: 0x000000b727300000,0x000000b727400000] [id=1480]

Threads with active compile tasks:

VM state:at safepoint (normal execution)

VM Mutex/Monitor currently owned by a thread:  ([mutex/lock_event])
[0x00000289c90bbd60] Threads_lock - owner thread: 0x00000289e7307000

Heap address: 0x0000000083200000, size: 1998 MB, Compressed Oops mode: 32-bit
Narrow klass base: 0x0000000000000000, Narrow klass shift: 3
Compressed class space size: 1073741824 Address: 0x0000000100000000

Heap:
 garbage-first heap   total 129024K, used 4876K [0x0000000083200000, 0x0000000100000000)
  region size 1024K, 6 young (6144K), 2 survivors (2048K)
 Metaspace       used 11134K, capacity 11649K, committed 11904K, reserved 1060864K
  class space    used 1158K, capacity 1331K, committed 1408K, reserved 1048576K
Heap Regions: E=young(eden), S=young(survivor), O=old, HS=humongous(starts), HC=humongous(continues), CS=collection set, F=free, A=archive, TAMS=top-at-mark-start (previous, next)
|   0|0x0000000083200000, 0x0000000083200000, 0x0000000083300000|  0%| F|  |TAMS 0x0000000083200000, 0x0000000083200000| Untracked 
|   1|0x0000000083300000, 0x0000000083300000, 0x0000000083400000|  0%| F|  |TAMS 0x0000000083300000, 0x0000000083300000| Untracked 
|   2|0x0000000083400000, 0x0000000083400000, 0x0000000083500000|  0%| F|  |TAMS 0x0000000083400000, 0x0000000083400000| Untracked 
|   3|0x0000000083500000, 0x0000000083500000, 0x0000000083600000|  0%| F|  |TAMS 0x0000000083500000, 0x0000000083500000| Untracked 
|   4|0x0000000083600000, 0x0000000083600000, 0x0000000083700000|  0%| F|  |TAMS 0x0000000083600000, 0x0000000083600000| Untracked 
|   5|0x0000000083700000, 0x0000000083700000, 0x0000000083800000|  0%| F|  |TAMS 0x0000000083700000, 0x0000000083700000| Untracked 
|   6|0x0000000083800000, 0x0000000083800000, 0x0000000083900000|  0%| F|  |TAMS 0x0000000083800000, 0x0000000083800000| Untracked 
|   7|0x0000000083900000, 0x0000000083900000, 0x0000000083a00000|  0%| F|  |TAMS 0x0000000083900000, 0x0000000083900000| Untracked 
|   8|0x0000000083a00000, 0x0000000083a00000, 0x0000000083b00000|  0%| F|  |TAMS 0x0000000083a00000, 0x0000000083a00000| Untracked 
|   9|0x0000000083b00000, 0x0000000083b00000, 0x0000000083c00000|  0%| F|  |TAMS 0x0000000083b00000, 0x0000000083b00000| Untracked 
|  10|0x0000000083c00000, 0x0000000083c00000, 0x0000000083d00000|  0%| F|  |TAMS 0x0000000083c00000, 0x0000000083c00000| Untracked 
|  11|0x0000000083d00000, 0x0000000083d00000, 0x0000000083e00000|  0%| F|  |TAMS 0x0000000083d00000, 0x0000000083d00000| Untracked 
|  12|0x0000000083e00000, 0x0000000083e00000, 0x0000000083f00000|  0%| F|  |TAMS 0x0000000083e00000, 0x0000000083e00000| Untracked 
|  13|0x0000000083f00000, 0x0000000083f00000, 0x0000000084000000|  0%| F|  |TAMS 0x0000000083f00000, 0x0000000083f00000| Untracked 
|  14|0x0000000084000000, 0x0000000084000000, 0x0000000084100000|  0%| F|  |TAMS 0x0000000084000000, 0x0000000084000000| Untracked 
|  15|0x0000000084100000, 0x0000000084100000, 0x0000000084200000|  0%| F|  |TAMS 0x0000000084100000, 0x0000000084100000| Untracked 
|  16|0x0000000084200000, 0x0000000084200000, 0x0000000084300000|  0%| F|  |TAMS 0x0000000084200000, 0x0000000084200000| Untracked 
|  17|0x0000000084300000, 0x0000000084300000, 0x0000000084400000|  0%| F|  |TAMS 0x0000000084300000, 0x0000000084300000| Untracked 
|  18|0x0000000084400000, 0x0000000084400000, 0x0000000084500000|  0%| F|  |TAMS 0x0000000084400000, 0x0000000084400000| Untracked 
|  19|0x0000000084500000, 0x0000000084500000, 0x0000000084600000|  0%| F|  |TAMS 0x0000000084500000, 0x0000000084500000| Untracked 
|  20|0x0000000084600000, 0x0000000084600000, 0x0000000084700000|  0%| F|  |TAMS 0x0000000084600000, 0x0000000084600000| Untracked 
|  21|0x0000000084700000, 0x0000000084700000, 0x0000000084800000|  0%| F|  |TAMS 0x0000000084700000, 0x0000000084700000| Untracked 
|  22|0x0000000084800000, 0x0000000084800000, 0x0000000084900000|  0%| F|  |TAMS 0x0000000084800000, 0x0000000084800000| Untracked 
|  23|0x0000000084900000, 0x0000000084900000, 0x0000000084a00000|  0%| F|  |TAMS 0x0000000084900000, 0x0000000084900000| Untracked 
|  24|0x0000000084a00000, 0x0000000084a00000, 0x0000000084b00000|  0%| F|  |TAMS 0x0000000084a00000, 0x0000000084a00000| Untracked 
|  25|0x0000000084b00000, 0x0000000084b00000, 0x0000000084c00000|  0%| F|  |TAMS 0x0000000084b00000, 0x0000000084b00000| Untracked 
|  26|0x0000000084c00000, 0x0000000084c00000, 0x0000000084d00000|  0%| F|  |TAMS 0x0000000084c00000, 0x0000000084c00000| Untracked 
|  27|0x0000000084d00000, 0x0000000084d00000, 0x0000000084e00000|  0%| F|  |TAMS 0x0000000084d00000, 0x0000000084d00000| Untracked 
|  28|0x0000000084e00000, 0x0000000084e00000, 0x0000000084f00000|  0%| F|  |TAMS 0x0000000084e00000, 0x0000000084e00000| Untracked 
|  29|0x0000000084f00000, 0x0000000084f00000, 0x0000000085000000|  0%| F|  |TAMS 0x0000000084f00000, 0x0000000084f00000| Untracked 
|  30|0x0000000085000000, 0x0000000085000000, 0x0000000085100000|  0%| F|  |TAMS 0x0000000085000000, 0x0000000085000000| Untracked 
|  31|0x0000000085100000, 0x0000000085100000, 0x0000000085200000|  0%| F|  |TAMS 0x0000000085100000, 0x0000000085100000| Untracked 
|  32|0x0000000085200000, 0x0000000085200000, 0x0000000085300000|  0%| F|  |TAMS 0x0000000085200000, 0x0000000085200000| Untracked 
|  33|0x0000000085300000, 0x0000000085300000, 0x0000000085400000|  0%| F|  |TAMS 0x0000000085300000, 0x0000000085300000| Untracked 
|  34|0x0000000085400000, 0x0000000085400000, 0x0000000085500000|  0%| F|  |TAMS 0x0000000085400000, 0x0000000085400000| Untracked 
|  35|0x0000000085500000, 0x0000000085500000, 0x0000000085600000|  0%| F|  |TAMS 0x0000000085500000, 0x0000000085500000| Untracked 
|  36|0x0000000085600000, 0x0000000085600000, 0x0000000085700000|  0%| F|  |TAMS 0x0000000085600000, 0x0000000085600000| Untracked 
|  37|0x0000000085700000, 0x0000000085700000, 0x0000000085800000|  0%| F|  |TAMS 0x0000000085700000, 0x0000000085700000| Untracked 
|  38|0x0000000085800000, 0x0000000085800000, 0x0000000085900000|  0%| F|  |TAMS 0x0000000085800000, 0x0000000085800000| Untracked 
|  39|0x0000000085900000, 0x0000000085900000, 0x0000000085a00000|  0%| F|  |TAMS 0x0000000085900000, 0x0000000085900000| Untracked 
|  40|0x0000000085a00000, 0x0000000085a00000, 0x0000000085b00000|  0%| F|  |TAMS 0x0000000085a00000, 0x0000000085a00000| Untracked 
|  41|0x0000000085b00000, 0x0000000085b00000, 0x0000000085c00000|  0%| F|  |TAMS 0x0000000085b00000, 0x0000000085b00000| Untracked 
|  42|0x0000000085c00000, 0x0000000085c00000, 0x0000000085d00000|  0%| F|  |TAMS 0x0000000085c00000, 0x0000000085c00000| Untracked 
|  43|0x0000000085d00000, 0x0000000085d00000, 0x0000000085e00000|  0%| F|  |TAMS 0x0000000085d00000, 0x0000000085d00000| Untracked 
|  44|0x0000000085e00000, 0x0000000085e00000, 0x0000000085f00000|  0%| F|  |TAMS 0x0000000085e00000, 0x0000000085e00000| Untracked 
|  45|0x0000000085f00000, 0x0000000085f00000, 0x0000000086000000|  0%| F|  |TAMS 0x0000000085f00000, 0x0000000085f00000| Untracked 
|  46|0x0000000086000000, 0x0000000086000000, 0x0000000086100000|  0%| F|  |TAMS 0x0000000086000000, 0x0000000086000000| Untracked 
|  47|0x0000000086100000, 0x0000000086100000, 0x0000000086200000|  0%| F|  |TAMS 0x0000000086100000, 0x0000000086100000| Untracked 
|  48|0x0000000086200000, 0x0000000086200000, 0x0000000086300000|  0%| F|  |TAMS 0x0000000086200000, 0x0000000086200000| Untracked 
|  49|0x0000000086300000, 0x0000000086300000, 0x0000000086400000|  0%| F|  |TAMS 0x0000000086300000, 0x0000000086300000| Untracked 
|  50|0x0000000086400000, 0x0000000086400000, 0x0000000086500000|  0%| F|  |TAMS 0x0000000086400000, 0x0000000086400000| Untracked 
|  51|0x0000000086500000, 0x0000000086500000, 0x0000000086600000|  0%| F|  |TAMS 0x0000000086500000, 0x0000000086500000| Untracked 
|  52|0x0000000086600000, 0x0000000086600000, 0x0000000086700000|  0%| F|  |TAMS 0x0000000086600000, 0x0000000086600000| Untracked 
|  53|0x0000000086700000, 0x0000000086700000, 0x0000000086800000|  0%| F|  |TAMS 0x0000000086700000, 0x0000000086700000| Untracked 
|  54|0x0000000086800000, 0x0000000086800000, 0x0000000086900000|  0%| F|  |TAMS 0x0000000086800000, 0x0000000086800000| Untracked 
|  55|0x0000000086900000, 0x0000000086900000, 0x0000000086a00000|  0%| F|  |TAMS 0x0000000086900000, 0x0000000086900000| Untracked 
|  56|0x0000000086a00000, 0x0000000086a00000, 0x0000000086b00000|  0%| F|  |TAMS 0x0000000086a00000, 0x0000000086a00000| Untracked 
|  57|0x0000000086b00000, 0x0000000086b00000, 0x0000000086c00000|  0%| F|  |TAMS 0x0000000086b00000, 0x0000000086b00000| Untracked 
|  58|0x0000000086c00000, 0x0000000086c00000, 0x0000000086d00000|  0%| F|  |TAMS 0x0000000086c00000, 0x0000000086c00000| Untracked 
|  59|0x0000000086d00000, 0x0000000086d00000, 0x0000000086e00000|  0%| F|  |TAMS 0x0000000086d00000, 0x0000000086d00000| Untracked 
|  60|0x0000000086e00000, 0x0000000086e00000, 0x0000000086f00000|  0%| F|  |TAMS 0x0000000086e00000, 0x0000000086e00000| Untracked 
|  61|0x0000000086f00000, 0x0000000086f00000, 0x0000000087000000|  0%| F|  |TAMS 0x0000000086f00000, 0x0000000086f00000| Untracked 
|  62|0x0000000087000000, 0x0000000087000000, 0x0000000087100000|  0%| F|  |TAMS 0x0000000087000000, 0x0000000087000000| Untracked 
|  63|0x0000000087100000, 0x0000000087100000, 0x0000000087200000|  0%| F|  |TAMS 0x0000000087100000, 0x0000000087100000| Untracked 
|  64|0x0000000087200000, 0x0000000087200000, 0x0000000087300000|  0%| F|  |TAMS 0x0000000087200000, 0x0000000087200000| Untracked 
|  65|0x0000000087300000, 0x0000000087300000, 0x0000000087400000|  0%| F|  |TAMS 0x0000000087300000, 0x0000000087300000| Untracked 
|  66|0x0000000087400000, 0x0000000087400000, 0x0000000087500000|  0%| F|  |TAMS 0x0000000087400000, 0x0000000087400000| Untracked 
|  67|0x0000000087500000, 0x0000000087500000, 0x0000000087600000|  0%| F|  |TAMS 0x0000000087500000, 0x0000000087500000| Untracked 
|  68|0x0000000087600000, 0x0000000087600000, 0x0000000087700000|  0%| F|  |TAMS 0x0000000087600000, 0x0000000087600000| Untracked 
|  69|0x0000000087700000, 0x0000000087700000, 0x0000000087800000|  0%| F|  |TAMS 0x0000000087700000, 0x0000000087700000| Untracked 
|  70|0x0000000087800000, 0x0000000087800000, 0x0000000087900000|  0%| F|  |TAMS 0x0000000087800000, 0x0000000087800000| Untracked 
|  71|0x0000000087900000, 0x0000000087900000, 0x0000000087a00000|  0%| F|  |TAMS 0x0000000087900000, 0x0000000087900000| Untracked 
|  72|0x0000000087a00000, 0x0000000087a00000, 0x0000000087b00000|  0%| F|  |TAMS 0x0000000087a00000, 0x0000000087a00000| Untracked 
|  73|0x0000000087b00000, 0x0000000087b00000, 0x0000000087c00000|  0%| F|  |TAMS 0x0000000087b00000, 0x0000000087b00000| Untracked 
|  74|0x0000000087c00000, 0x0000000087c00000, 0x0000000087d00000|  0%| F|  |TAMS 0x0000000087c00000, 0x0000000087c00000| Untracked 
|  75|0x0000000087d00000, 0x0000000087d00000, 0x0000000087e00000|  0%| F|  |TAMS 0x0000000087d00000, 0x0000000087d00000| Untracked 
|  76|0x0000000087e00000, 0x0000000087e00000, 0x0000000087f00000|  0%| F|  |TAMS 0x0000000087e00000, 0x0000000087e00000| Untracked 
|  77|0x0000000087f00000, 0x0000000087f00000, 0x0000000088000000|  0%| F|  |TAMS 0x0000000087f00000, 0x0000000087f00000| Untracked 
|  78|0x0000000088000000, 0x0000000088000000, 0x0000000088100000|  0%| F|  |TAMS 0x0000000088000000, 0x0000000088000000| Untracked 
|  79|0x0000000088100000, 0x0000000088100000, 0x0000000088200000|  0%| F|  |TAMS 0x0000000088100000, 0x0000000088100000| Untracked 
|  80|0x0000000088200000, 0x0000000088200000, 0x0000000088300000|  0%| F|  |TAMS 0x0000000088200000, 0x0000000088200000| Untracked 
|  81|0x0000000088300000, 0x0000000088300000, 0x0000000088400000|  0%| F|  |TAMS 0x0000000088300000, 0x0000000088300000| Untracked 
|  82|0x0000000088400000, 0x0000000088400000, 0x0000000088500000|  0%| F|  |TAMS 0x0000000088400000, 0x0000000088400000| Untracked 
|  83|0x0000000088500000, 0x0000000088500000, 0x0000000088600000|  0%| F|  |TAMS 0x0000000088500000, 0x0000000088500000| Untracked 
|  84|0x0000000088600000, 0x0000000088600000, 0x0000000088700000|  0%| F|  |TAMS 0x0000000088600000, 0x0000000088600000| Untracked 
|  85|0x0000000088700000, 0x0000000088700000, 0x0000000088800000|  0%| F|  |TAMS 0x0000000088700000, 0x0000000088700000| Untracked 
|  86|0x0000000088800000, 0x0000000088800000, 0x0000000088900000|  0%| F|  |TAMS 0x0000000088800000, 0x0000000088800000| Untracked 
|  87|0x0000000088900000, 0x0000000088900000, 0x0000000088a00000|  0%| F|  |TAMS 0x0000000088900000, 0x0000000088900000| Untracked 
|  88|0x0000000088a00000, 0x0000000088a00000, 0x0000000088b00000|  0%| F|  |TAMS 0x0000000088a00000, 0x0000000088a00000| Untracked 
|  89|0x0000000088b00000, 0x0000000088b00000, 0x0000000088c00000|  0%| F|  |TAMS 0x0000000088b00000, 0x0000000088b00000| Untracked 
|  90|0x0000000088c00000, 0x0000000088c00000, 0x0000000088d00000|  0%| F|  |TAMS 0x0000000088c00000, 0x0000000088c00000| Untracked 
|  91|0x0000000088d00000, 0x0000000088d00000, 0x0000000088e00000|  0%| F|  |TAMS 0x0000000088d00000, 0x0000000088d00000| Untracked 
|  92|0x0000000088e00000, 0x0000000088e00000, 0x0000000088f00000|  0%| F|  |TAMS 0x0000000088e00000, 0x0000000088e00000| Untracked 
|  93|0x0000000088f00000, 0x0000000088f00000, 0x0000000089000000|  0%| F|  |TAMS 0x0000000088f00000, 0x0000000088f00000| Untracked 
|  94|0x0000000089000000, 0x0000000089000000, 0x0000000089100000|  0%| F|  |TAMS 0x0000000089000000, 0x0000000089000000| Untracked 
|  95|0x0000000089100000, 0x0000000089100000, 0x0000000089200000|  0%| F|  |TAMS 0x0000000089100000, 0x0000000089100000| Untracked 
|  96|0x0000000089200000, 0x0000000089200000, 0x0000000089300000|  0%| F|  |TAMS 0x0000000089200000, 0x0000000089200000| Untracked 
|  97|0x0000000089300000, 0x0000000089300000, 0x0000000089400000|  0%| F|  |TAMS 0x0000000089300000, 0x0000000089300000| Untracked 
|  98|0x0000000089400000, 0x0000000089400000, 0x0000000089500000|  0%| F|  |TAMS 0x0000000089400000, 0x0000000089400000| Untracked 
|  99|0x0000000089500000, 0x0000000089500000, 0x0000000089600000|  0%| F|  |TAMS 0x0000000089500000, 0x0000000089500000| Untracked 
| 100|0x0000000089600000, 0x0000000089600000, 0x0000000089700000|  0%| F|  |TAMS 0x0000000089600000, 0x0000000089600000| Untracked 
| 101|0x0000000089700000, 0x0000000089700000, 0x0000000089800000|  0%| F|  |TAMS 0x0000000089700000, 0x0000000089700000| Untracked 
| 102|0x0000000089800000, 0x0000000089800000, 0x0000000089900000|  0%| F|  |TAMS 0x0000000089800000, 0x0000000089800000| Untracked 
| 103|0x0000000089900000, 0x0000000089900000, 0x0000000089a00000|  0%| F|  |TAMS 0x0000000089900000, 0x0000000089900000| Untracked 
| 104|0x0000000089a00000, 0x0000000089a00000, 0x0000000089b00000|  0%| F|  |TAMS 0x0000000089a00000, 0x0000000089a00000| Untracked 
| 105|0x0000000089b00000, 0x0000000089b00000, 0x0000000089c00000|  0%| F|  |TAMS 0x0000000089b00000, 0x0000000089b00000| Untracked 
| 106|0x0000000089c00000, 0x0000000089c00000, 0x0000000089d00000|  0%| F|  |TAMS 0x0000000089c00000, 0x0000000089c00000| Untracked 
| 107|0x0000000089d00000, 0x0000000089d00000, 0x0000000089e00000|  0%| F|  |TAMS 0x0000000089d00000, 0x0000000089d00000| Untracked 
| 108|0x0000000089e00000, 0x0000000089e00000, 0x0000000089f00000|  0%| F|  |TAMS 0x0000000089e00000, 0x0000000089e00000| Untracked 
| 109|0x0000000089f00000, 0x0000000089f00000, 0x000000008a000000|  0%| F|  |TAMS 0x0000000089f00000, 0x0000000089f00000| Untracked 
| 110|0x000000008a000000, 0x000000008a0c3288, 0x000000008a100000| 76%| S|CS|TAMS 0x000000008a000000, 0x000000008a000000| Complete 
| 111|0x000000008a100000, 0x000000008a200000, 0x000000008a200000|100%| S|CS|TAMS 0x000000008a100000, 0x000000008a100000| Complete 
| 112|0x000000008a200000, 0x000000008a200000, 0x000000008a300000|  0%| F|  |TAMS 0x000000008a200000, 0x000000008a200000| Untracked 
| 113|0x000000008a300000, 0x000000008a300000, 0x000000008a400000|  0%| F|  |TAMS 0x000000008a300000, 0x000000008a300000| Untracked 
| 114|0x000000008a400000, 0x000000008a400000, 0x000000008a500000|  0%| F|  |TAMS 0x000000008a400000, 0x000000008a400000| Untracked 
| 115|0x000000008a500000, 0x000000008a500000, 0x000000008a600000|  0%| F|  |TAMS 0x000000008a500000, 0x000000008a500000| Untracked 
| 116|0x000000008a600000, 0x000000008a600000, 0x000000008a700000|  0%| F|  |TAMS 0x000000008a600000, 0x000000008a600000| Untracked 
| 117|0x000000008a700000, 0x000000008a700000, 0x000000008a800000|  0%| F|  |TAMS 0x000000008a700000, 0x000000008a700000| Untracked 
| 118|0x000000008a800000, 0x000000008a800000, 0x000000008a900000|  0%| F|  |TAMS 0x000000008a800000, 0x000000008a800000| Untracked 
| 119|0x000000008a900000, 0x000000008a900000, 0x000000008aa00000|  0%| F|  |TAMS 0x000000008a900000, 0x000000008a900000| Untracked 
| 120|0x000000008aa00000, 0x000000008aa00000, 0x000000008ab00000|  0%| F|  |TAMS 0x000000008aa00000, 0x000000008aa00000| Untracked 
| 121|0x000000008ab00000, 0x000000008ab00000, 0x000000008ac00000|  0%| F|  |TAMS 0x000000008ab00000, 0x000000008ab00000| Untracked 
| 122|0x000000008ac00000, 0x000000008ac80800, 0x000000008ad00000| 50%| E|  |TAMS 0x000000008ac00000, 0x000000008ac00000| Complete 
| 123|0x000000008ad00000, 0x000000008ae00000, 0x000000008ae00000|100%| E|CS|TAMS 0x000000008ad00000, 0x000000008ad00000| Complete 
| 124|0x000000008ae00000, 0x000000008af00000, 0x000000008af00000|100%| E|CS|TAMS 0x000000008ae00000, 0x000000008ae00000| Complete 
| 125|0x000000008af00000, 0x000000008b000000, 0x000000008b000000|100%| E|CS|TAMS 0x000000008af00000, 0x000000008af00000| Complete 

Card table byte_map: [0x00000289e07d0000,0x00000289e0bc0000] _byte_map_base: 0x00000289e03b7000

Marking Bits (Prev, Next): (CMBitMap*) 0x00000289c90fcdc8, (CMBitMap*) 0x00000289c90fce00
 Prev Bits: [0x00000289e0fb0000, 0x00000289e2ee8000)
 Next Bits: [0x00000289e2ef0000, 0x00000289e4e28000)

Polling page: 0x00000289c6ee0000

Metaspace:

Usage:
  Non-class:     10.08 MB capacity,     9.74 MB ( 97%) used,   298.70 KB (  3%) free+waste,    43.75 KB ( <1%) overhead. 
      Class:      1.30 MB capacity,     1.13 MB ( 87%) used,   150.74 KB ( 11%) free+waste,    21.69 KB (  2%) overhead. 
       Both:     11.38 MB capacity,    10.87 MB ( 96%) used,   449.44 KB (  4%) free+waste,    65.44 KB ( <1%) overhead. 

Virtual space:
  Non-class space:       12.00 MB reserved,      10.25 MB ( 85%) committed 
      Class space:        1.00 GB reserved,       1.38 MB ( <1%) committed 
             Both:        1.01 GB reserved,      11.63 MB (  1%) committed 

Chunk freelists:
   Non-Class:  6.25 KB
       Class:  1.63 KB
        Both:  7.88 KB

CodeHeap 'non-profiled nmethods': size=120064Kb used=316Kb max_used=316Kb free=119748Kb
 bounds [0x00000289d8ea0000, 0x00000289d9110000, 0x00000289e03e0000]
CodeHeap 'profiled nmethods': size=120000Kb used=1912Kb max_used=1936Kb free=118087Kb
 bounds [0x00000289d1970000, 0x00000289d1be0000, 0x00000289d8ea0000]
CodeHeap 'non-nmethods': size=5696Kb used=1166Kb max_used=1175Kb free=4529Kb
 bounds [0x00000289d13e0000, 0x00000289d1650000, 0x00000289d1970000]
 total_blobs=1581 nmethods=996 adapters=307
 compilation: enabled
              stopped_count=0, restarted_count=0
 full_count=0

Compilation events (10 events):
Event: 1.747 Thread 0x00000289e735e000 1001       3       java.lang.reflect.Modifier::isPrivate (12 bytes)
Event: 1.748 Thread 0x00000289e735e000 nmethod 1001 0x00000289d1b50290 code [0x00000289d1b50440, 0x00000289d1b505d8]
Event: 1.748 Thread 0x00000289e735e000 1002   !   3       java.util.ImmutableCollections$ListItr::next (34 bytes)
Event: 1.748 Thread 0x00000289e735e000 nmethod 1002 0x00000289d1b50690 code [0x00000289d1b50860, 0x00000289d1b50b60]
Event: 1.754 Thread 0x00000289e735e000 1007       3       java.lang.invoke.LambdaForm::normalize (322 bytes)
Event: 1.755 Thread 0x00000289e735e000 nmethod 1007 0x00000289d1b50d10 code [0x00000289d1b50fe0, 0x00000289d1b52360]
Event: 1.755 Thread 0x00000289e735e000 1008       3       java.lang.invoke.InvokerBytecodeGenerator::emitStoreInsn (21 bytes)
Event: 1.755 Thread 0x00000289e735e000 nmethod 1008 0x00000289d1b52a90 code [0x00000289d1b52c60, 0x00000289d1b52f20]
Event: 1.755 Thread 0x00000289e735e000 1009       3       java.lang.invoke.InvokerBytecodeGenerator::storeInsnOpcode (86 bytes)
Event: 1.756 Thread 0x00000289e735e000 nmethod 1009 0x00000289d1b53090 code [0x00000289d1b53320, 0x00000289d1b53ee0]

GC Heap History (2 events):
Event: 1.274 GC heap before
{Heap before GC invocations=0 (full 0):
 garbage-first heap   total 129024K, used 13312K [0x0000000083200000, 0x0000000100000000)
  region size 1024K, 14 young (14336K), 0 survivors (0K)
 Metaspace       used 10616K, capacity 10988K, committed 11264K, reserved 1058816K
  class space    used 1080K, capacity 1216K, committed 1280K, reserved 1048576K
}
Event: 1.285 GC heap after
{Heap after GC invocations=1 (full 0):
 garbage-first heap   total 129024K, used 1804K [0x0000000083200000, 0x0000000100000000)
  region size 1024K, 2 young (2048K), 2 survivors (2048K)
 Metaspace       used 10616K, capacity 10988K, committed 11264K, reserved 1058816K
  class space    used 1080K, capacity 1216K, committed 1280K, reserved 1048576K
}

Deoptimization events (5 events):
Event: 0.682 Thread 0x00000289c90be000 Uncommon trap: reason=unstable_if action=reinterpret pc=0x00000289d8ea5dfc method=java.lang.String.isLatin1()Z @ 10 c2
Event: 0.768 Thread 0x00000289c90be000 Uncommon trap: reason=unstable_if action=reinterpret pc=0x00000289d8ea43f8 method=java.lang.String.isLatin1()Z @ 10 c2
Event: 0.942 Thread 0x00000289c90be000 Uncommon trap: reason=class_check action=maybe_recompile pc=0x00000289d8eadd6c method=java.util.HashMap.putVal(ILjava/lang/Object;Ljava/lang/Object;ZZ)Ljava/lang/Object; @ 253 c2
Event: 0.942 Thread 0x00000289c90be000 Uncommon trap: reason=unstable_if action=reinterpret pc=0x00000289d8eae3d0 method=java.util.HashMap.putVal(ILjava/lang/Object;Ljava/lang/Object;ZZ)Ljava/lang/Object; @ 181 c2
Event: 1.320 Thread 0x00000289c90be000 Uncommon trap: reason=unstable_if action=reinterpret pc=0x00000289d8ee6c30 method=java.lang.String.startsWith(Ljava/lang/String;I)Z @ 14 c2

Classes redefined (3 events):
Event: 25.712 Thread 0x00000289e7307000 redefined class name=money.MoneyTest, count=1
Event: 192.193 Thread 0x00000289e7307000 redefined class name=money.MoneyTest, count=2
Event: 215.256 Thread 0x00000289e7307000 redefined class name=money.MoneyTest, count=3

Internal exceptions (10 events):
Event: 1.175 Thread 0x00000289c90be000 Exception <a 'java/lang/NoSuchMethodError'{0x000000008a4a99a0}: java.lang.invoke.DirectMethodHandle$Holder.invokeSpecial(Ljava/lang/Object;Ljava/lang/Object;Ljava/lang/Object;Ljava/lang/Object;)V> (0x000000008a4a99a0) thrown at [t:/workspace/open/src/hots
Event: 1.179 Thread 0x00000289c90be000 Exception <a 'java/lang/NoSuchMethodError'{0x000000008a4bc3a8}: java.lang.invoke.DirectMethodHandle$Holder.invokeInterface(Ljava/lang/Object;Ljava/lang/Object;)V> (0x000000008a4bc3a8) thrown at [t:/workspace/open/src/hotspot/share/interpreter/linkResolver
Event: 1.179 Thread 0x00000289c90be000 Exception <a 'java/lang/IncompatibleClassChangeError'{0x000000008a4bf008}: Found class java.lang.Object, but interface was expected> (0x000000008a4bf008) thrown at [t:/workspace/open/src/hotspot/share/interpreter/linkResolver.cpp, line 838]
Event: 1.200 Thread 0x00000289c90be000 Exception <a 'java/lang/NoSuchMethodError'{0x000000008a31cbd0}: java.lang.invoke.DirectMethodHandle$Holder.invokeInterface(Ljava/lang/Object;Ljava/lang/Object;Ljava/lang/Object;Ljava/lang/Object;)V> (0x000000008a31cbd0) thrown at [t:/workspace/open/src/ho
Event: 1.200 Thread 0x00000289c90be000 Exception <a 'java/lang/IncompatibleClassChangeError'{0x000000008a31f990}: Found class java.lang.Object, but interface was expected> (0x000000008a31f990) thrown at [t:/workspace/open/src/hotspot/share/interpreter/linkResolver.cpp, line 838]
Event: 1.206 Thread 0x00000289c90be000 Exception <a 'java/lang/NoSuchMethodError'{0x000000008a33db00}: java.lang.invoke.DirectMethodHandle$Holder.invokeVirtual(Ljava/lang/Object;Ljava/lang/Object;Ljava/lang/Object;)Ljava/lang/Object;> (0x000000008a33db00) thrown at [t:/workspace/open/src/hotsp
Event: 1.250 Thread 0x00000289c90be000 Exception <a 'java/lang/NoSuchMethodError'{0x000000008a23d480}: java.lang.invoke.DirectMethodHandle$Holder.invokeSpecial(Ljava/lang/Object;Ljava/lang/Object;)V> (0x000000008a23d480) thrown at [t:/workspace/open/src/hotspot/share/interpreter/linkResolver.c
Event: 1.261 Thread 0x00000289c90be000 Exception <a 'java/lang/NoSuchMethodError'{0x000000008a28d3f0}: java.lang.invoke.DirectMethodHandle$Holder.invokeStatic(Ljava/lang/Object;Ljava/lang/Object;Ljava/lang/Object;Ljava/lang/Object;Ljava/lang/Object;)I> (0x000000008a28d3f0) thrown at [t:/worksp
Event: 1.304 Thread 0x00000289c90be000 Exception <a 'java/lang/NoSuchMethodError'{0x000000008ae44920}: java.lang.invoke.DirectMethodHandle$Holder.invokeStaticInit(Ljava/lang/Object;Ljava/lang/Object;Ljava/lang/Object;)I> (0x000000008ae44920) thrown at [t:/workspace/open/src/hotspot/share/inter
Event: 1.329 Thread 0x00000289c90be000 Exception <a 'java/lang/NoSuchMethodError'{0x000000008aefb398}: java.lang.invoke.DirectMethodHandle$Holder.invokeStaticInit(Ljava/lang/Object;Ljava/lang/Object;)I> (0x000000008aefb398) thrown at [t:/workspace/open/src/hotspot/share/interpreter/linkResolve

Events (10 events):
Event: 215.258 Executing VM operation: GetFrameCount done
Event: 215.258 Executing VM operation: GetStackTrace
Event: 215.258 Executing VM operation: GetStackTrace done
Event: 215.310 Executing VM operation: GetFrameCount
Event: 215.310 Executing VM operation: GetFrameCount done
Event: 215.310 Executing VM operation: GetStackTrace
Event: 215.310 Executing VM operation: GetStackTrace done
Event: 215.311 Executing VM operation: GetFrameLocation
Event: 215.311 Executing VM operation: GetFrameLocation done
Event: 215.311 Executing VM operation: GetOrSetLocal


Dynamic libraries:
0x00007ff708620000 - 0x00007ff708667000 	C:\Program Files\Java\jdk-11.0.2\bin\java.exe
0x00007fff896a0000 - 0x00007fff89890000 	C:\WINDOWS\SYSTEM32\ntdll.dll
0x00007fff87fd0000 - 0x00007fff88082000 	C:\WINDOWS\System32\KERNEL32.DLL
0x00007fff871f0000 - 0x00007fff87493000 	C:\WINDOWS\System32\KERNELBASE.dll
0x00007fff88670000 - 0x00007fff88713000 	C:\WINDOWS\System32\ADVAPI32.dll
0x00007fff89480000 - 0x00007fff8951e000 	C:\WINDOWS\System32\msvcrt.dll
0x00007fff89040000 - 0x00007fff890d7000 	C:\WINDOWS\System32\sechost.dll
0x00007fff87d20000 - 0x00007fff87e40000 	C:\WINDOWS\System32\RPCRT4.dll
0x00007fff87b80000 - 0x00007fff87d14000 	C:\WINDOWS\System32\USER32.dll
0x00007fff86a10000 - 0x00007fff86a31000 	C:\WINDOWS\System32\win32u.dll
0x00007fff87830000 - 0x00007fff87856000 	C:\WINDOWS\System32\GDI32.dll
0x00007fff874a0000 - 0x00007fff87634000 	C:\WINDOWS\System32\gdi32full.dll
0x00007fff868d0000 - 0x00007fff8696e000 	C:\WINDOWS\System32\msvcp_win.dll
0x00007fff867d0000 - 0x00007fff868ca000 	C:\WINDOWS\System32\ucrtbase.dll
0x00007fff6e050000 - 0x00007fff6e2d5000 	C:\WINDOWS\WinSxS\amd64_microsoft.windows.common-controls_6595b64144ccf1df_6.0.18362.535_none_e6c3b34713100821\COMCTL32.dll
0x00007fff89140000 - 0x00007fff89476000 	C:\WINDOWS\System32\combase.dll
0x00007fff74910000 - 0x00007fff7491a000 	C:\WINDOWS\SYSTEM32\VERSION.dll
0x00007fff86970000 - 0x00007fff869f0000 	C:\WINDOWS\System32\bcryptPrimitives.dll
0x00007fff87ac0000 - 0x00007fff87aee000 	C:\WINDOWS\System32\IMM32.DLL
0x00007fff82a30000 - 0x00007fff82a46000 	C:\Program Files\Java\jdk-11.0.2\bin\vcruntime140.dll
0x00007fff7fc10000 - 0x00007fff7fcba000 	C:\Program Files\Java\jdk-11.0.2\bin\msvcp140.dll
0x00007fff327b0000 - 0x00007fff332d7000 	C:\Program Files\Java\jdk-11.0.2\bin\server\jvm.dll
0x00007fff87750000 - 0x00007fff87758000 	C:\WINDOWS\System32\PSAPI.DLL
0x00007fff840f0000 - 0x00007fff84114000 	C:\WINDOWS\SYSTEM32\WINMM.dll
0x00007fff83c70000 - 0x00007fff83c9d000 	C:\WINDOWS\SYSTEM32\WINMMBASE.dll
0x00007fff70110000 - 0x00007fff70119000 	C:\WINDOWS\SYSTEM32\WSOCK32.dll
0x00007fff86780000 - 0x00007fff867ca000 	C:\WINDOWS\System32\cfgmgr32.dll
0x00007fff87a50000 - 0x00007fff87abf000 	C:\WINDOWS\System32\WS2_32.dll
0x00007fff86580000 - 0x00007fff86591000 	C:\WINDOWS\System32\kernel.appcore.dll
0x00007fff82a10000 - 0x00007fff82a21000 	C:\Program Files\Java\jdk-11.0.2\bin\verify.dll
0x00007fff84d20000 - 0x00007fff84f14000 	C:\WINDOWS\SYSTEM32\DBGHELP.DLL
0x00007fff73ba0000 - 0x00007fff73bca000 	C:\WINDOWS\SYSTEM32\dbgcore.DLL
0x00007fff829e0000 - 0x00007fff82a09000 	C:\Program Files\Java\jdk-11.0.2\bin\java.dll
0x00007fff7fae0000 - 0x00007fff7fb17000 	C:\Program Files\Java\jdk-11.0.2\bin\jdwp.dll
0x00007fff7fbc0000 - 0x00007fff7fbef000 	C:\Program Files\Java\jdk-11.0.2\bin\instrument.dll
0x00007fff829c0000 - 0x00007fff829d6000 	C:\Program Files\Java\jdk-11.0.2\bin\zip.dll
0x00007fff82ab0000 - 0x00007fff82aba000 	C:\Program Files\Java\jdk-11.0.2\bin\jimage.dll
0x00007fff88720000 - 0x00007fff88e05000 	C:\WINDOWS\System32\SHELL32.dll
0x00007fff895b0000 - 0x00007fff89659000 	C:\WINDOWS\System32\shcore.dll
0x00007fff86a40000 - 0x00007fff871bf000 	C:\WINDOWS\System32\windows.storage.dll
0x00007fff86610000 - 0x00007fff8662f000 	C:\WINDOWS\System32\profapi.dll
0x00007fff865a0000 - 0x00007fff865ea000 	C:\WINDOWS\System32\powrprof.dll
0x00007fff86570000 - 0x00007fff86580000 	C:\WINDOWS\System32\UMPDC.dll
0x00007fff87f70000 - 0x00007fff87fc2000 	C:\WINDOWS\System32\shlwapi.dll
0x00007fff869f0000 - 0x00007fff86a07000 	C:\WINDOWS\System32\cryptsp.dll
0x00007fff829b0000 - 0x00007fff829ba000 	C:\Program Files\Java\jdk-11.0.2\bin\dt_socket.dll
0x00007fff85d80000 - 0x00007fff85de7000 	C:\WINDOWS\system32\mswsock.dll
0x00007fff80a00000 - 0x00007fff80a19000 	C:\Program Files\Java\jdk-11.0.2\bin\net.dll
0x00007fff7c3e0000 - 0x00007fff7c4d0000 	C:\WINDOWS\SYSTEM32\WINHTTP.dll
0x00007fff79210000 - 0x00007fff793e6000 	C:\WINDOWS\SYSTEM32\urlmon.dll
0x00007fff79810000 - 0x00007fff79ab6000 	C:\WINDOWS\SYSTEM32\iertutil.dll
0x00007fff85f50000 - 0x00007fff85f5c000 	C:\WINDOWS\SYSTEM32\CRYPTBASE.DLL
0x00007fff7fbf0000 - 0x00007fff7fc03000 	C:\Program Files\Java\jdk-11.0.2\bin\nio.dll

dbghelp: loaded successfully - version: 4.0.5 - missing functions: none
symbol engine: initialized successfully - sym options: 0x614 - pdb path: .;C:\Program Files\Java\jdk-11.0.2\bin;C:\WINDOWS\SYSTEM32;C:\WINDOWS\WinSxS\amd64_microsoft.windows.common-controls_6595b64144ccf1df_6.0.18362.535_none_e6c3b34713100821;C:\Program Files\Java\jdk-11.0.2\bin\server

VM Arguments:
jvm_args: -agentlib:jdwp=transport=dt_socket,address=127.0.0.1:50308,suspend=y,server=n -ea -Didea.test.cyclic.buffer.size=1048576 -javaagent:C:\Users\Valeri\.IdeaIC2019.2\system\captureAgent\debugger-agent.jar -Dfile.encoding=UTF-8 
java_command: com.intellij.rt.execution.junit.JUnitStarter -ideVersion5 -junit5 money.MoneyTest,setCurrency
java_class_path (initial): C:\Program Files\JetBrains\IntelliJ IDEA Community Edition 2019.2.3\lib\idea_rt.jar;C:\Program Files\JetBrains\IntelliJ IDEA Community Edition 2019.2.3\plugins\junit\lib\junit-rt.jar;C:\Program Files\JetBrains\IntelliJ IDEA Community Edition 2019.2.3\plugins\junit\lib\junit5-rt.jar;C:\Users\Valeri\.m2\repository\org\junit\platform\junit-platform-launcher\1.4.2\junit-platform-launcher-1.4.2.jar;C:\Users\Valeri\.m2\repository\org\apiguardian\apiguardian-api\1.0.0\apiguardian-api-1.0.0.jar;C:\Users\Valeri\.m2\repository\org\junit\platform\junit-platform-engine\1.4.2\junit-platform-engine-1.4.2.jar;C:\Users\Valeri\.m2\repository\org\opentest4j\opentest4j\1.1.1\opentest4j-1.1.1.jar;C:\Users\Valeri\.m2\repository\org\junit\platform\junit-platform-commons\1.4.2\junit-platform-commons-1.4.2.jar;C:\Users\Valeri\.m2\repository\org\junit\vintage\junit-vintage-engine\5.4.2\junit-vintage-engine-5.4.2.jar;C:\Users\Valeri\.m2\repository\junit\junit\4.12\junit-4.12.jar;C:\Users\Valeri\.m2\repository\org\hamcrest\hamcrest-core\1.3\hamcrest-core-1.3.jar;C:\Users\Valeri\Desktop\MoneyProject\out\production\MoneyProject;C:\Users\Valeri\.m2\repository\org\junit\jupiter\junit-jupiter\5.4.2\junit-jupiter-5.4.2.jar;C:\Users\Valeri\.m2\repository\org\junit\jupiter\junit-jupiter-api\5.4.2\junit-jupiter-api-5.4.2.jar;C:\Users\Valeri\.m2\repository\org\junit\jupiter\junit-jupiter-params\5.4.2\junit-jupiter-params-5.4.2.jar;C:\Users\Valeri\.m2\repository\org\junit\jupiter\junit-jupiter-engine\5.4.2\junit-jupiter-engine-5.4.2.jar
Launcher Type: SUN_STANDARD

[Global flags]
     intx CICompilerCount                          = 3                                         {product} {ergonomic}
     uint ConcGCThreads                            = 1                                         {product} {ergonomic}
     uint G1ConcRefinementThreads                  = 4                                         {product} {ergonomic}
   size_t G1HeapRegionSize                         = 1048576                                   {product} {ergonomic}
    uintx GCDrainStackTargetSize                   = 64                                        {product} {ergonomic}
   size_t InitialHeapSize                          = 132120576                                 {product} {ergonomic}
   size_t MarkStackSize                            = 4194304                                   {product} {ergonomic}
   size_t MaxHeapSize                              = 2095054848                                {product} {ergonomic}
   size_t MaxNewSize                               = 1256194048                                {product} {ergonomic}
   size_t MinHeapDeltaBytes                        = 1048576                                   {product} {ergonomic}
    uintx NonNMethodCodeHeapSize                   = 5830092                                {pd product} {ergonomic}
    uintx NonProfiledCodeHeapSize                  = 122914074                              {pd product} {ergonomic}
    uintx ProfiledCodeHeapSize                     = 122914074                              {pd product} {ergonomic}
    uintx ReservedCodeCacheSize                    = 251658240                              {pd product} {ergonomic}
     bool SegmentedCodeCache                       = true                                      {product} {ergonomic}
     bool UseCompressedClassPointers               = true                                 {lp64_product} {ergonomic}
     bool UseCompressedOops                        = true                                 {lp64_product} {ergonomic}
     bool UseG1GC                                  = true                                      {product} {ergonomic}
     bool UseLargePagesIndividualAllocation        = false                                  {pd product} {ergonomic}

Logging:
Log output configuration:
 #0: stdout all=warning uptime,level,tags
 #1: stderr all=off uptime,level,tags

Environment Variables:
JAVA_HOME=C:\Program Files\Java\jdk-11.0.2
PATH=C:\Program Files (x86)\Intel\iCLS Client\;C:\Program Files\Intel\iCLS Client\;C:\Windows\system32;C:\Windows;C:\Windows\System32\Wbem;C:\Windows\System32\WindowsPowerShell\v1.0\;C:\Program Files (x86)\Intel\Intel(R) Management Engine Components\DAL;C:\Program Files\Intel\Intel(R) Management Engine Components\DAL;C:\Program Files (x86)\Intel\Intel(R) Management Engine Components\IPT;C:\Program Files\Intel\Intel(R) Management Engine Components\IPT;C:\Program Files (x86)\NVIDIA Corporation\PhysX\Common;C:\Program Files\Intel\WiFi\bin\;C:\Program Files\Common Files\Intel\WirelessCommon\;C:\WINDOWS\system32;C:\WINDOWS;C:\WINDOWS\System32\Wbem;C:\WINDOWS\System32\WindowsPowerShell\v1.0\;C:\WINDOWS\System32\OpenSSH\;C:\Program Files\Git\cmd;C:\Program Files\PuTTY\;C:\Program Files\Java\jdk-11.0.2\bin;C:\Users\Valeri\AppData\Local\Programs\Microsoft VS Code\bin;C:\Users\Valeri\AppData\Local\Programs\Python\Python37-32;C:\Program Files (x86)\IDEMIA\AWP\Dlls;C:\Program Files\IDEMIA\AWP\Dlls;C:\Gradle\gradle-5.4\bin;C:\Program Files\MySQL\MySQL Server 8.0\bin;C:\Program Files\MongoDB\Server\4.0\bin;C:\Program Files\MATLAB\R2019a\bin;C:\Users\Valeri\AppData\Local\Android\Sdk\platform-tools;C:\Program Files\nodejs\;C:\php;;C:\Users\Valeri\AppData\Local\Programs\Microsoft VS Code\bin;C:\Program Files\heroku\bin;C:\Users\Valeri\AppData\Local\Microsoft\WindowsApps;C:\Users\Valeri\AppData\Roaming\npm;C:\Program Files\JetBrains\PhpStorm 2019.2.4\bin;;C:\Program Files\JetBrains\PyCharm Community Edition 2019.2.4\bin;
USERNAME=Valeri
OS=Windows_NT
PROCESSOR_IDENTIFIER=Intel64 Family 6 Model 94 Stepping 3, GenuineIntel



---------------  S Y S T E M  ---------------

OS: Windows 10 , 64 bit Build 18362 (10.0.18362.329)

CPU:total 4 (initial active 4) (4 cores per cpu, 1 threads per core) family 6 model 94 stepping 3, cmov, cx8, fxsr, mmx, sse, sse2, sse3, ssse3, sse4.1, sse4.2, popcnt, avx, avx2, aes, clmul, erms, rtm, 3dnowpref, lzcnt, tsc, tscinvbit, bmi1, bmi2, adx, fma

Memory: 4k page, system-wide physical 7986M (1606M free)
TotalPageFile size 11826M (AvailPageFile size 3138M)
current process WorkingSet (physical memory assigned to process): 60M, peak: 64M
current process commit charge ("private bytes"): 206M, peak: 209M

vm_info: Java HotSpot(TM) 64-Bit Server VM (11.0.2+9-LTS) for windows-amd64 JRE (11.0.2+9-LTS), built on Jan 18 2019 05:24:10 by "mach5one" with MS VC++ 15.5 (VS2017)

END.
